<?xml version="1.0" encoding="UTF-8"?>
<!-- Generated by org.testng.reporters.JUnitReportReporter -->
<testsuite skipped="0" hostname="DESKTOP-7N3BV5I" name="demo.extentReprt" tests="1" failures="0" timestamp="07 Aug 2019 19:02:20 GMT" time="1.350" errors="0">
  <testcase name="test1" time="1.350" classname="demo.extentReprt"/>
</testsuite> <!-- demo.extentReprt -->
