<?xml version="1.0" encoding="UTF-8"?>
<!-- Generated by org.testng.reporters.JUnitReportReporter -->
<testsuite skipped="0" hostname="DESKTOP-7N3BV5I" name="demo.LogStatus" tests="1" failures="0" timestamp="06 Aug 2019 19:02:37 GMT" time="0.163" errors="0">
  <testcase name="console" time="0.163" classname="demo.LogStatus"/>
</testsuite> <!-- demo.LogStatus -->
