<?xml version="1.0" encoding="UTF-8"?>
<!-- Generated by org.testng.reporters.JUnitReportReporter -->
<testsuite skipped="0" hostname="DESKTOP-7N3BV5I" name="demo.Test1" tests="1" failures="0" timestamp="05 Aug 2019 18:48:04 GMT" time="0.056" errors="0">
  <testcase name="console" time="0.056" classname="demo.Test1"/>
</testsuite> <!-- demo.Test1 -->
